<?xml version="1.0" encoding="UTF-8"?>
<testsuite name="com.at.LibraryApplicationTests" tests="2" skipped="2" failures="0" errors="0" timestamp="2016-08-31T11:19:50" hostname="db-dell" time="0.001">
  <properties/>
  <testcase name="createBooks" classname="com.at.LibraryApplicationTests" time="0.0">
    <skipped/>
  </testcase>
  <testcase name="createRents" classname="com.at.LibraryApplicationTests" time="0.0">
    <skipped/>
  </testcase>
  <system-out><![CDATA[13:19:50.281 [Test worker] DEBUG o.s.t.c.j.SpringJUnit4ClassRunner - SpringJUnit4ClassRunner constructor called with [class com.at.LibraryApplicationTests]
13:19:50.286 [Test worker] DEBUG o.s.test.context.BootstrapUtils - Instantiating CacheAwareContextLoaderDelegate from class [org.springframework.test.context.cache.DefaultCacheAwareContextLoaderDelegate]
13:19:50.290 [Test worker] DEBUG o.s.test.context.BootstrapUtils - Instantiating BootstrapContext using constructor [public org.springframework.test.context.support.DefaultBootstrapContext(java.lang.Class,org.springframework.test.context.CacheAwareContextLoaderDelegate)]
13:19:50.301 [Test worker] DEBUG o.s.test.context.BootstrapUtils - Instantiating TestContextBootstrapper for test class [com.at.LibraryApplicationTests] from class [org.springframework.test.context.support.DefaultTestContextBootstrapper]
13:19:50.324 [Test worker] DEBUG o.s.t.c.s.DefaultTestContextBootstrapper - Found explicit ContextLoader class [org.springframework.boot.test.SpringApplicationContextLoader] for context configuration attributes [ContextConfigurationAttributes@38e1dfa6 declaringClass = 'com.at.LibraryApplicationTests', classes = '{class com.at.library.LibraryApplication}', locations = '{}', inheritLocations = true, initializers = '{}', inheritInitializers = true, name = [null], contextLoaderClass = 'org.springframework.boot.test.SpringApplicationContextLoader']
13:19:50.331 [Test worker] DEBUG o.s.t.c.s.AbstractContextLoader - Did not detect default resource location for test class [com.at.LibraryApplicationTests]: class path resource [com/at/LibraryApplicationTests-context.xml] does not exist
13:19:50.332 [Test worker] DEBUG o.s.t.c.s.AbstractContextLoader - Did not detect default resource location for test class [com.at.LibraryApplicationTests]: class path resource [com/at/LibraryApplicationTestsContext.groovy] does not exist
13:19:50.332 [Test worker] INFO  o.s.t.c.s.AbstractContextLoader - Could not detect default resource locations for test class [com.at.LibraryApplicationTests]: no resource found for suffixes {-context.xml, Context.groovy}.
13:19:50.341 [Test worker] DEBUG o.s.t.c.s.DefaultTestContextBootstrapper - @TestExecutionListeners is not present for class [com.at.LibraryApplicationTests]: using defaults.
13:19:50.350 [Test worker] INFO  o.s.t.c.s.DefaultTestContextBootstrapper - Loaded default TestExecutionListener class names from location [META-INF/spring.factories]: [org.springframework.test.context.web.ServletTestExecutionListener, org.springframework.test.context.support.DirtiesContextBeforeModesTestExecutionListener, org.springframework.test.context.support.DependencyInjectionTestExecutionListener, org.springframework.test.context.support.DirtiesContextTestExecutionListener, org.springframework.test.context.transaction.TransactionalTestExecutionListener, org.springframework.test.context.jdbc.SqlScriptsTestExecutionListener]
13:19:50.367 [Test worker] INFO  o.s.t.c.s.DefaultTestContextBootstrapper - Using TestExecutionListeners: [org.springframework.test.context.web.ServletTestExecutionListener@9d252ab, org.springframework.test.context.support.DirtiesContextBeforeModesTestExecutionListener@59bc5e31, org.springframework.test.context.support.DependencyInjectionTestExecutionListener@18a09fa2, org.springframework.test.context.support.DirtiesContextTestExecutionListener@59050602, org.springframework.test.context.transaction.TransactionalTestExecutionListener@42594083, org.springframework.test.context.jdbc.SqlScriptsTestExecutionListener@792fd32f]
13:19:50.370 [Test worker] DEBUG o.s.t.annotation.ProfileValueUtils - Retrieved @ProfileValueSourceConfiguration [null] for test class [com.at.LibraryApplicationTests]
13:19:50.371 [Test worker] DEBUG o.s.t.annotation.ProfileValueUtils - Retrieved ProfileValueSource type [class org.springframework.test.annotation.SystemProfileValueSource] for class [com.at.LibraryApplicationTests]
13:19:50.372 [Test worker] DEBUG o.s.t.annotation.ProfileValueUtils - Retrieved @ProfileValueSourceConfiguration [null] for test class [com.at.LibraryApplicationTests]
13:19:50.372 [Test worker] DEBUG o.s.t.annotation.ProfileValueUtils - Retrieved ProfileValueSource type [class org.springframework.test.annotation.SystemProfileValueSource] for class [com.at.LibraryApplicationTests]
]]></system-out>
  <system-err><![CDATA[]]></system-err>
</testsuite>
